<?xml version="1.0" encoding="UTF-8"?>
<testsuite xmlns:xsi="http://www.w3.org/2001/XMLSchema-instance" xsi:noNamespaceSchemaLocation="https://maven.apache.org/surefire/maven-surefire-plugin/xsd/surefire-test-report.xsd" name="com.appreservas.AppreservasApplicationTests" time="26.334" tests="1" errors="0" skipped="0" failures="0">
  <properties>
    <property name="java.specification.version" value="17"/>
    <property name="sun.cpu.isalist" value="amd64"/>
    <property name="sun.jnu.encoding" value="Cp1252"/>
    <property name="java.class.path" value="C:\MEI\semestre1\AppReservas\appreservas\target\test-classes;C:\MEI\semestre1\AppReservas\appreservas\target\classes;C:\Users\miabs\.m2\repository\org\springdoc\springdoc-openapi-ui\1.6.4\springdoc-openapi-ui-1.6.4.jar;C:\Users\miabs\.m2\repository\org\springdoc\springdoc-openapi-webmvc-core\1.6.4\springdoc-openapi-webmvc-core-1.6.4.jar;C:\Users\miabs\.m2\repository\org\springdoc\springdoc-openapi-common\1.6.4\springdoc-openapi-common-1.6.4.jar;C:\Users\miabs\.m2\repository\io\swagger\core\v3\swagger-core\2.1.12\swagger-core-2.1.12.jar;C:\Users\miabs\.m2\repository\org\apache\commons\commons-lang3\3.12.0\commons-lang3-3.12.0.jar;C:\Users\miabs\.m2\repository\com\fasterxml\jackson\dataformat\jackson-dataformat-yaml\2.13.4\jackson-dataformat-yaml-2.13.4.jar;C:\Users\miabs\.m2\repository\jakarta\validation\jakarta.validation-api\2.0.2\jakarta.validation-api-2.0.2.jar;C:\Users\miabs\.m2\repository\org\webjars\swagger-ui\4.1.3\swagger-ui-4.1.3.jar;C:\Users\miabs\.m2\repository\org\webjars\webjars-locator-core\0.50\webjars-locator-core-0.50.jar;C:\Users\miabs\.m2\repository\com\fasterxml\jackson\core\jackson-core\2.13.4\jackson-core-2.13.4.jar;C:\Users\miabs\.m2\repository\io\github\classgraph\classgraph\4.8.138\classgraph-4.8.138.jar;C:\Users\miabs\.m2\repository\org\springframework\boot\spring-boot-devtools\2.7.5\spring-boot-devtools-2.7.5.jar;C:\Users\miabs\.m2\repository\org\springframework\boot\spring-boot\2.7.5\spring-boot-2.7.5.jar;C:\Users\miabs\.m2\repository\org\springframework\spring-context\5.3.23\spring-context-5.3.23.jar;C:\Users\miabs\.m2\repository\org\springframework\boot\spring-boot-autoconfigure\2.7.5\spring-boot-autoconfigure-2.7.5.jar;C:\Users\miabs\.m2\repository\org\springframework\boot\spring-boot-starter-web\2.7.5\spring-boot-starter-web-2.7.5.jar;C:\Users\miabs\.m2\repository\org\springframework\boot\spring-boot-starter\2.7.5\spring-boot-starter-2.7.5.jar;C:\Users\miabs\.m2\repository\org\springframework\boot\spring-boot-starter-logging\2.7.5\spring-boot-starter-logging-2.7.5.jar;C:\Users\miabs\.m2\repository\org\apache\logging\log4j\log4j-to-slf4j\2.17.2\log4j-to-slf4j-2.17.2.jar;C:\Users\miabs\.m2\repository\org\apache\logging\log4j\log4j-api\2.17.2\log4j-api-2.17.2.jar;C:\Users\miabs\.m2\repository\org\slf4j\jul-to-slf4j\1.7.36\jul-to-slf4j-1.7.36.jar;C:\Users\miabs\.m2\repository\jakarta\annotation\jakarta.annotation-api\1.3.5\jakarta.annotation-api-1.3.5.jar;C:\Users\miabs\.m2\repository\org\yaml\snakeyaml\1.30\snakeyaml-1.30.jar;C:\Users\miabs\.m2\repository\org\springframework\boot\spring-boot-starter-json\2.7.5\spring-boot-starter-json-2.7.5.jar;C:\Users\miabs\.m2\repository\com\fasterxml\jackson\datatype\jackson-datatype-jdk8\2.13.4\jackson-datatype-jdk8-2.13.4.jar;C:\Users\miabs\.m2\repository\com\fasterxml\jackson\datatype\jackson-datatype-jsr310\2.13.4\jackson-datatype-jsr310-2.13.4.jar;C:\Users\miabs\.m2\repository\com\fasterxml\jackson\module\jackson-module-parameter-names\2.13.4\jackson-module-parameter-names-2.13.4.jar;C:\Users\miabs\.m2\repository\org\springframework\boot\spring-boot-starter-tomcat\2.7.5\spring-boot-starter-tomcat-2.7.5.jar;C:\Users\miabs\.m2\repository\org\apache\tomcat\embed\tomcat-embed-core\9.0.68\tomcat-embed-core-9.0.68.jar;C:\Users\miabs\.m2\repository\org\apache\tomcat\embed\tomcat-embed-el\9.0.68\tomcat-embed-el-9.0.68.jar;C:\Users\miabs\.m2\repository\org\apache\tomcat\embed\tomcat-embed-websocket\9.0.68\tomcat-embed-websocket-9.0.68.jar;C:\Users\miabs\.m2\repository\org\springframework\spring-web\5.3.23\spring-web-5.3.23.jar;C:\Users\miabs\.m2\repository\org\springframework\spring-beans\5.3.23\spring-beans-5.3.23.jar;C:\Users\miabs\.m2\repository\org\springframework\spring-webmvc\5.3.23\spring-webmvc-5.3.23.jar;C:\Users\miabs\.m2\repository\org\springframework\spring-aop\5.3.23\spring-aop-5.3.23.jar;C:\Users\miabs\.m2\repository\org\springframework\spring-expression\5.3.23\spring-expression-5.3.23.jar;C:\Users\miabs\.m2\repository\org\springframework\boot\spring-boot-starter-test\2.7.5\spring-boot-starter-test-2.7.5.jar;C:\Users\miabs\.m2\repository\org\springframework\boot\spring-boot-test\2.7.5\spring-boot-test-2.7.5.jar;C:\Users\miabs\.m2\repository\org\springframework\boot\spring-boot-test-autoconfigure\2.7.5\spring-boot-test-autoconfigure-2.7.5.jar;C:\Users\miabs\.m2\repository\com\jayway\jsonpath\json-path\2.7.0\json-path-2.7.0.jar;C:\Users\miabs\.m2\repository\net\minidev\json-smart\2.4.8\json-smart-2.4.8.jar;C:\Users\miabs\.m2\repository\net\minidev\accessors-smart\2.4.8\accessors-smart-2.4.8.jar;C:\Users\miabs\.m2\repository\org\ow2\asm\asm\9.1\asm-9.1.jar;C:\Users\miabs\.m2\repository\jakarta\xml\bind\jakarta.xml.bind-api\2.3.3\jakarta.xml.bind-api-2.3.3.jar;C:\Users\miabs\.m2\repository\jakarta\activation\jakarta.activation-api\1.2.2\jakarta.activation-api-1.2.2.jar;C:\Users\miabs\.m2\repository\org\assertj\assertj-core\3.22.0\assertj-core-3.22.0.jar;C:\Users\miabs\.m2\repository\org\hamcrest\hamcrest\2.2\hamcrest-2.2.jar;C:\Users\miabs\.m2\repository\org\junit\jupiter\junit-jupiter\5.8.2\junit-jupiter-5.8.2.jar;C:\Users\miabs\.m2\repository\org\junit\jupiter\junit-jupiter-api\5.8.2\junit-jupiter-api-5.8.2.jar;C:\Users\miabs\.m2\repository\org\opentest4j\opentest4j\1.2.0\opentest4j-1.2.0.jar;C:\Users\miabs\.m2\repository\org\junit\platform\junit-platform-commons\1.8.2\junit-platform-commons-1.8.2.jar;C:\Users\miabs\.m2\repository\org\apiguardian\apiguardian-api\1.1.2\apiguardian-api-1.1.2.jar;C:\Users\miabs\.m2\repository\org\junit\jupiter\junit-jupiter-params\5.8.2\junit-jupiter-params-5.8.2.jar;C:\Users\miabs\.m2\repository\org\junit\jupiter\junit-jupiter-engine\5.8.2\junit-jupiter-engine-5.8.2.jar;C:\Users\miabs\.m2\repository\org\junit\platform\junit-platform-engine\1.8.2\junit-platform-engine-1.8.2.jar;C:\Users\miabs\.m2\repository\org\mockito\mockito-core\4.5.1\mockito-core-4.5.1.jar;C:\Users\miabs\.m2\repository\net\bytebuddy\byte-buddy\1.12.18\byte-buddy-1.12.18.jar;C:\Users\miabs\.m2\repository\net\bytebuddy\byte-buddy-agent\1.12.18\byte-buddy-agent-1.12.18.jar;C:\Users\miabs\.m2\repository\org\objenesis\objenesis\3.2\objenesis-3.2.jar;C:\Users\miabs\.m2\repository\org\mockito\mockito-junit-jupiter\4.5.1\mockito-junit-jupiter-4.5.1.jar;C:\Users\miabs\.m2\repository\org\skyscreamer\jsonassert\1.5.1\jsonassert-1.5.1.jar;C:\Users\miabs\.m2\repository\com\vaadin\external\google\android-json\0.0.20131108.vaadin1\android-json-0.0.20131108.vaadin1.jar;C:\Users\miabs\.m2\repository\org\springframework\spring-core\5.3.23\spring-core-5.3.23.jar;C:\Users\miabs\.m2\repository\org\springframework\spring-jcl\5.3.23\spring-jcl-5.3.23.jar;C:\Users\miabs\.m2\repository\org\springframework\spring-test\5.3.23\spring-test-5.3.23.jar;C:\Users\miabs\.m2\repository\org\xmlunit\xmlunit-core\2.9.0\xmlunit-core-2.9.0.jar;C:\Users\miabs\.m2\repository\io\springfox\springfox-boot-starter\3.0.0\springfox-boot-starter-3.0.0.jar;C:\Users\miabs\.m2\repository\io\springfox\springfox-oas\3.0.0\springfox-oas-3.0.0.jar;C:\Users\miabs\.m2\repository\io\swagger\core\v3\swagger-annotations\2.1.2\swagger-annotations-2.1.2.jar;C:\Users\miabs\.m2\repository\io\swagger\core\v3\swagger-models\2.1.2\swagger-models-2.1.2.jar;C:\Users\miabs\.m2\repository\io\springfox\springfox-spi\3.0.0\springfox-spi-3.0.0.jar;C:\Users\miabs\.m2\repository\io\springfox\springfox-schema\3.0.0\springfox-schema-3.0.0.jar;C:\Users\miabs\.m2\repository\io\springfox\springfox-core\3.0.0\springfox-core-3.0.0.jar;C:\Users\miabs\.m2\repository\io\springfox\springfox-spring-web\3.0.0\springfox-spring-web-3.0.0.jar;C:\Users\miabs\.m2\repository\io\springfox\springfox-spring-webmvc\3.0.0\springfox-spring-webmvc-3.0.0.jar;C:\Users\miabs\.m2\repository\io\springfox\springfox-spring-webflux\3.0.0\springfox-spring-webflux-3.0.0.jar;C:\Users\miabs\.m2\repository\io\springfox\springfox-swagger-common\3.0.0\springfox-swagger-common-3.0.0.jar;C:\Users\miabs\.m2\repository\org\mapstruct\mapstruct\1.3.1.Final\mapstruct-1.3.1.Final.jar;C:\Users\miabs\.m2\repository\io\springfox\springfox-data-rest\3.0.0\springfox-data-rest-3.0.0.jar;C:\Users\miabs\.m2\repository\io\springfox\springfox-bean-validators\3.0.0\springfox-bean-validators-3.0.0.jar;C:\Users\miabs\.m2\repository\io\springfox\springfox-swagger2\3.0.0\springfox-swagger2-3.0.0.jar;C:\Users\miabs\.m2\repository\io\swagger\swagger-annotations\1.5.20\swagger-annotations-1.5.20.jar;C:\Users\miabs\.m2\repository\io\swagger\swagger-models\1.5.20\swagger-models-1.5.20.jar;C:\Users\miabs\.m2\repository\io\springfox\springfox-swagger-ui\3.0.0\springfox-swagger-ui-3.0.0.jar;C:\Users\miabs\.m2\repository\com\fasterxml\classmate\1.5.1\classmate-1.5.1.jar;C:\Users\miabs\.m2\repository\org\slf4j\slf4j-api\1.7.36\slf4j-api-1.7.36.jar;C:\Users\miabs\.m2\repository\org\springframework\plugin\spring-plugin-core\2.0.0.RELEASE\spring-plugin-core-2.0.0.RELEASE.jar;C:\Users\miabs\.m2\repository\org\springframework\plugin\spring-plugin-metadata\2.0.0.RELEASE\spring-plugin-metadata-2.0.0.RELEASE.jar;C:\Users\miabs\.m2\repository\org\springframework\boot\spring-boot-starter-oauth2-resource-server\2.7.5\spring-boot-starter-oauth2-resource-server-2.7.5.jar;C:\Users\miabs\.m2\repository\org\springframework\security\spring-security-config\5.7.4\spring-security-config-5.7.4.jar;C:\Users\miabs\.m2\repository\org\springframework\security\spring-security-core\5.7.4\spring-security-core-5.7.4.jar;C:\Users\miabs\.m2\repository\org\springframework\security\spring-security-crypto\5.7.4\spring-security-crypto-5.7.4.jar;C:\Users\miabs\.m2\repository\org\springframework\security\spring-security-oauth2-resource-server\5.7.4\spring-security-oauth2-resource-server-5.7.4.jar;C:\Users\miabs\.m2\repository\org\springframework\security\spring-security-oauth2-core\5.7.4\spring-security-oauth2-core-5.7.4.jar;C:\Users\miabs\.m2\repository\org\springframework\security\spring-security-web\5.7.4\spring-security-web-5.7.4.jar;C:\Users\miabs\.m2\repository\org\springframework\security\spring-security-oauth2-jose\5.7.4\spring-security-oauth2-jose-5.7.4.jar;C:\Users\miabs\.m2\repository\com\nimbusds\nimbus-jose-jwt\9.22\nimbus-jose-jwt-9.22.jar;C:\Users\miabs\.m2\repository\com\github\stephenc\jcip\jcip-annotations\1.0-1\jcip-annotations-1.0-1.jar;C:\Users\miabs\.m2\repository\org\springframework\boot\spring-boot-configuration-processor\2.7.5\spring-boot-configuration-processor-2.7.5.jar;C:\Users\miabs\.m2\repository\org\projectlombok\lombok\1.18.20\lombok-1.18.20.jar;C:\Users\miabs\.m2\repository\org\springframework\boot\spring-boot-starter-jdbc\2.7.5\spring-boot-starter-jdbc-2.7.5.jar;C:\Users\miabs\.m2\repository\com\zaxxer\HikariCP\4.0.3\HikariCP-4.0.3.jar;C:\Users\miabs\.m2\repository\org\springframework\spring-jdbc\5.3.23\spring-jdbc-5.3.23.jar;C:\Users\miabs\.m2\repository\org\springframework\spring-tx\5.3.23\spring-tx-5.3.23.jar;C:\Users\miabs\.m2\repository\org\postgresql\postgresql\42.3.7\postgresql-42.3.7.jar;C:\Users\miabs\.m2\repository\org\checkerframework\checker-qual\3.5.0\checker-qual-3.5.0.jar;C:\Users\miabs\.m2\repository\com\speedment\enterprise\plugins\spring-runtime\3.2.10\spring-runtime-3.2.10.jar;C:\Users\miabs\.m2\repository\com\speedment\common\json\3.2.10\json-3.2.10.jar;C:\Users\miabs\.m2\repository\com\speedment\enterprise\plugins\json-stream\3.2.10\json-stream-3.2.10.jar;C:\Users\miabs\.m2\repository\com\speedment\runtime\runtime-config\3.2.10\runtime-config-3.2.10.jar;C:\Users\miabs\.m2\repository\com\speedment\runtime\runtime-field\3.2.10\runtime-field-3.2.10.jar;C:\Users\miabs\.m2\repository\com\speedment\common\annotation\3.2.10\annotation-3.2.10.jar;C:\Users\miabs\.m2\repository\com\speedment\common\function\3.2.10\function-3.2.10.jar;C:\Users\miabs\.m2\repository\com\speedment\common\collection\3.2.10\collection-3.2.10.jar;C:\Users\miabs\.m2\repository\com\speedment\enterprise\application\3.2.10\application-3.2.10.jar;C:\Users\miabs\.m2\repository\com\speedment\common\injector\3.2.10\injector-3.2.10.jar;C:\Users\miabs\.m2\repository\com\speedment\common\logger\3.2.10\logger-3.2.10.jar;C:\Users\miabs\.m2\repository\com\speedment\enterprise\datastore-runtime\3.2.10\datastore-runtime-3.2.10.jar;C:\Users\miabs\.m2\repository\com\speedment\common\invariant\3.2.10\invariant-3.2.10.jar;C:\Users\miabs\.m2\repository\com\speedment\common\tuple\3.2.10\tuple-3.2.10.jar;C:\Users\miabs\.m2\repository\com\speedment\common\singleton-stream\3.2.10\singleton-stream-3.2.10.jar;C:\Users\miabs\.m2\repository\com\speedment\common\benchmark\3.2.10\benchmark-3.2.10.jar;C:\Users\miabs\.m2\repository\com\speedment\common\combinatorics\3.2.10\combinatorics-3.2.10.jar;C:\Users\miabs\.m2\repository\com\speedment\common\mapstream\3.2.10\mapstream-3.2.10.jar;C:\Users\miabs\.m2\repository\com\speedment\runtime\runtime-compute\3.2.10\runtime-compute-3.2.10.jar;C:\Users\miabs\.m2\repository\com\speedment\runtime\runtime-typemapper\3.2.10\runtime-typemapper-3.2.10.jar;C:\Users\miabs\.m2\repository\com\speedment\runtime\runtime-core\3.2.10\runtime-core-3.2.10.jar;C:\Users\miabs\.m2\repository\com\speedment\runtime\runtime-bulk\3.2.10\runtime-bulk-3.2.10.jar;C:\Users\miabs\.m2\repository\com\speedment\runtime\runtime-welcome\3.2.10\runtime-welcome-3.2.10.jar;C:\Users\miabs\.m2\repository\com\speedment\runtime\runtime-application\3.2.10\runtime-application-3.2.10.jar;C:\Users\miabs\.m2\repository\com\speedment\runtime\connector-mysql\3.2.10\connector-mysql-3.2.10.jar;C:\Users\miabs\.m2\repository\com\speedment\runtime\connector-mariadb\3.2.10\connector-mariadb-3.2.10.jar;C:\Users\miabs\.m2\repository\com\speedment\runtime\connector-postgres\3.2.10\connector-postgres-3.2.10.jar;C:\Users\miabs\.m2\repository\com\speedment\runtime\connector-sqlite\3.2.10\connector-sqlite-3.2.10.jar;C:\Users\miabs\.m2\repository\com\speedment\generator\generator-translator\3.2.10\generator-translator-3.2.10.jar;C:\Users\miabs\.m2\repository\com\speedment\common\codegen\3.2.10\codegen-3.2.10.jar;C:\Users\miabs\.m2\repository\com\speedment\enterprise\common\stream-support\3.2.10\stream-support-3.2.10.jar;C:\Users\miabs\.m2\repository\com\speedment\enterprise\common\bytebuffer-allocator\3.2.10\bytebuffer-allocator-3.2.10.jar;C:\Users\miabs\.m2\repository\com\speedment\common\jvm-version\3.2.10\jvm-version-3.2.10.jar;C:\Users\miabs\.m2\repository\com\speedment\enterprise\common\bytebuffer-common\3.2.10\bytebuffer-common-3.2.10.jar;C:\Users\miabs\.m2\repository\com\speedment\enterprise\common\immutable-array\3.2.10\immutable-array-3.2.10.jar;C:\Users\miabs\.m2\repository\com\speedment\enterprise\common\hashmap\3.2.10\hashmap-3.2.10.jar;C:\Users\miabs\.m2\repository\com\speedment\enterprise\aggregator\3.2.10\aggregator-3.2.10.jar;C:\Users\miabs\.m2\repository\com\speedment\enterprise\common\bytebuffer-pool\3.2.10\bytebuffer-pool-3.2.10.jar;C:\Users\miabs\.m2\repository\com\speedment\enterprise\license-runtime\3.2.10\license-runtime-3.2.10.jar;C:\Users\miabs\.m2\repository\com\speedment\enterprise\style-runtime\3.2.10\style-runtime-3.2.10.jar;C:\Users\miabs\.m2\repository\com\speedment\enterprise\virtualcolumn-runtime\3.2.10\virtualcolumn-runtime-3.2.10.jar;C:\Users\miabs\.m2\repository\com\speedment\enterprise\join\3.2.10\join-3.2.10.jar;C:\Users\miabs\.m2\repository\com\speedment\runtime\runtime-join\3.2.10\runtime-join-3.2.10.jar;C:\Users\miabs\.m2\repository\ch\qos\logback\logback-core\1.2.6\logback-core-1.2.6.jar;C:\Users\miabs\.m2\repository\ch\qos\logback\logback-classic\1.2.6\logback-classic-1.2.6.jar;C:\Users\miabs\.m2\repository\net\logstash\logback\logstash-logback-encoder\7.2\logstash-logback-encoder-7.2.jar;C:\Users\miabs\.m2\repository\com\fasterxml\jackson\core\jackson-databind\2.13.4.2\jackson-databind-2.13.4.2.jar;C:\Users\miabs\.m2\repository\com\fasterxml\jackson\core\jackson-annotations\2.13.4\jackson-annotations-2.13.4.jar;"/>
    <property name="java.vm.vendor" value="Oracle Corporation"/>
    <property name="sun.arch.data.model" value="64"/>
    <property name="user.variant" value=""/>
    <property name="java.vendor.url" value="https://java.oracle.com/"/>
    <property name="user.timezone" value="Europe/Lisbon"/>
    <property name="os.name" value="Windows 10"/>
    <property name="java.vm.specification.version" value="17"/>
    <property name="sun.java.launcher" value="SUN_STANDARD"/>
    <property name="user.country" value="PT"/>
    <property name="sun.boot.library.path" value="C:\Program Files\Java\jdk-17.0.5\bin"/>
    <property name="sun.java.command" value="C:\Users\miabs\AppData\Local\Temp\surefire4684224973223418487\surefirebooter3503979231256898348.jar C:\Users\miabs\AppData\Local\Temp\surefire4684224973223418487 2022-12-08T19-58-53_957-jvmRun1 surefire14118463172937008263tmp surefire_09637619359428935532tmp"/>
    <property name="jdk.debug" value="release"/>
    <property name="surefire.test.class.path" value="C:\MEI\semestre1\AppReservas\appreservas\target\test-classes;C:\MEI\semestre1\AppReservas\appreservas\target\classes;C:\Users\miabs\.m2\repository\org\springdoc\springdoc-openapi-ui\1.6.4\springdoc-openapi-ui-1.6.4.jar;C:\Users\miabs\.m2\repository\org\springdoc\springdoc-openapi-webmvc-core\1.6.4\springdoc-openapi-webmvc-core-1.6.4.jar;C:\Users\miabs\.m2\repository\org\springdoc\springdoc-openapi-common\1.6.4\springdoc-openapi-common-1.6.4.jar;C:\Users\miabs\.m2\repository\io\swagger\core\v3\swagger-core\2.1.12\swagger-core-2.1.12.jar;C:\Users\miabs\.m2\repository\org\apache\commons\commons-lang3\3.12.0\commons-lang3-3.12.0.jar;C:\Users\miabs\.m2\repository\com\fasterxml\jackson\dataformat\jackson-dataformat-yaml\2.13.4\jackson-dataformat-yaml-2.13.4.jar;C:\Users\miabs\.m2\repository\jakarta\validation\jakarta.validation-api\2.0.2\jakarta.validation-api-2.0.2.jar;C:\Users\miabs\.m2\repository\org\webjars\swagger-ui\4.1.3\swagger-ui-4.1.3.jar;C:\Users\miabs\.m2\repository\org\webjars\webjars-locator-core\0.50\webjars-locator-core-0.50.jar;C:\Users\miabs\.m2\repository\com\fasterxml\jackson\core\jackson-core\2.13.4\jackson-core-2.13.4.jar;C:\Users\miabs\.m2\repository\io\github\classgraph\classgraph\4.8.138\classgraph-4.8.138.jar;C:\Users\miabs\.m2\repository\org\springframework\boot\spring-boot-devtools\2.7.5\spring-boot-devtools-2.7.5.jar;C:\Users\miabs\.m2\repository\org\springframework\boot\spring-boot\2.7.5\spring-boot-2.7.5.jar;C:\Users\miabs\.m2\repository\org\springframework\spring-context\5.3.23\spring-context-5.3.23.jar;C:\Users\miabs\.m2\repository\org\springframework\boot\spring-boot-autoconfigure\2.7.5\spring-boot-autoconfigure-2.7.5.jar;C:\Users\miabs\.m2\repository\org\springframework\boot\spring-boot-starter-web\2.7.5\spring-boot-starter-web-2.7.5.jar;C:\Users\miabs\.m2\repository\org\springframework\boot\spring-boot-starter\2.7.5\spring-boot-starter-2.7.5.jar;C:\Users\miabs\.m2\repository\org\springframework\boot\spring-boot-starter-logging\2.7.5\spring-boot-starter-logging-2.7.5.jar;C:\Users\miabs\.m2\repository\org\apache\logging\log4j\log4j-to-slf4j\2.17.2\log4j-to-slf4j-2.17.2.jar;C:\Users\miabs\.m2\repository\org\apache\logging\log4j\log4j-api\2.17.2\log4j-api-2.17.2.jar;C:\Users\miabs\.m2\repository\org\slf4j\jul-to-slf4j\1.7.36\jul-to-slf4j-1.7.36.jar;C:\Users\miabs\.m2\repository\jakarta\annotation\jakarta.annotation-api\1.3.5\jakarta.annotation-api-1.3.5.jar;C:\Users\miabs\.m2\repository\org\yaml\snakeyaml\1.30\snakeyaml-1.30.jar;C:\Users\miabs\.m2\repository\org\springframework\boot\spring-boot-starter-json\2.7.5\spring-boot-starter-json-2.7.5.jar;C:\Users\miabs\.m2\repository\com\fasterxml\jackson\datatype\jackson-datatype-jdk8\2.13.4\jackson-datatype-jdk8-2.13.4.jar;C:\Users\miabs\.m2\repository\com\fasterxml\jackson\datatype\jackson-datatype-jsr310\2.13.4\jackson-datatype-jsr310-2.13.4.jar;C:\Users\miabs\.m2\repository\com\fasterxml\jackson\module\jackson-module-parameter-names\2.13.4\jackson-module-parameter-names-2.13.4.jar;C:\Users\miabs\.m2\repository\org\springframework\boot\spring-boot-starter-tomcat\2.7.5\spring-boot-starter-tomcat-2.7.5.jar;C:\Users\miabs\.m2\repository\org\apache\tomcat\embed\tomcat-embed-core\9.0.68\tomcat-embed-core-9.0.68.jar;C:\Users\miabs\.m2\repository\org\apache\tomcat\embed\tomcat-embed-el\9.0.68\tomcat-embed-el-9.0.68.jar;C:\Users\miabs\.m2\repository\org\apache\tomcat\embed\tomcat-embed-websocket\9.0.68\tomcat-embed-websocket-9.0.68.jar;C:\Users\miabs\.m2\repository\org\springframework\spring-web\5.3.23\spring-web-5.3.23.jar;C:\Users\miabs\.m2\repository\org\springframework\spring-beans\5.3.23\spring-beans-5.3.23.jar;C:\Users\miabs\.m2\repository\org\springframework\spring-webmvc\5.3.23\spring-webmvc-5.3.23.jar;C:\Users\miabs\.m2\repository\org\springframework\spring-aop\5.3.23\spring-aop-5.3.23.jar;C:\Users\miabs\.m2\repository\org\springframework\spring-expression\5.3.23\spring-expression-5.3.23.jar;C:\Users\miabs\.m2\repository\org\springframework\boot\spring-boot-starter-test\2.7.5\spring-boot-starter-test-2.7.5.jar;C:\Users\miabs\.m2\repository\org\springframework\boot\spring-boot-test\2.7.5\spring-boot-test-2.7.5.jar;C:\Users\miabs\.m2\repository\org\springframework\boot\spring-boot-test-autoconfigure\2.7.5\spring-boot-test-autoconfigure-2.7.5.jar;C:\Users\miabs\.m2\repository\com\jayway\jsonpath\json-path\2.7.0\json-path-2.7.0.jar;C:\Users\miabs\.m2\repository\net\minidev\json-smart\2.4.8\json-smart-2.4.8.jar;C:\Users\miabs\.m2\repository\net\minidev\accessors-smart\2.4.8\accessors-smart-2.4.8.jar;C:\Users\miabs\.m2\repository\org\ow2\asm\asm\9.1\asm-9.1.jar;C:\Users\miabs\.m2\repository\jakarta\xml\bind\jakarta.xml.bind-api\2.3.3\jakarta.xml.bind-api-2.3.3.jar;C:\Users\miabs\.m2\repository\jakarta\activation\jakarta.activation-api\1.2.2\jakarta.activation-api-1.2.2.jar;C:\Users\miabs\.m2\repository\org\assertj\assertj-core\3.22.0\assertj-core-3.22.0.jar;C:\Users\miabs\.m2\repository\org\hamcrest\hamcrest\2.2\hamcrest-2.2.jar;C:\Users\miabs\.m2\repository\org\junit\jupiter\junit-jupiter\5.8.2\junit-jupiter-5.8.2.jar;C:\Users\miabs\.m2\repository\org\junit\jupiter\junit-jupiter-api\5.8.2\junit-jupiter-api-5.8.2.jar;C:\Users\miabs\.m2\repository\org\opentest4j\opentest4j\1.2.0\opentest4j-1.2.0.jar;C:\Users\miabs\.m2\repository\org\junit\platform\junit-platform-commons\1.8.2\junit-platform-commons-1.8.2.jar;C:\Users\miabs\.m2\repository\org\apiguardian\apiguardian-api\1.1.2\apiguardian-api-1.1.2.jar;C:\Users\miabs\.m2\repository\org\junit\jupiter\junit-jupiter-params\5.8.2\junit-jupiter-params-5.8.2.jar;C:\Users\miabs\.m2\repository\org\junit\jupiter\junit-jupiter-engine\5.8.2\junit-jupiter-engine-5.8.2.jar;C:\Users\miabs\.m2\repository\org\junit\platform\junit-platform-engine\1.8.2\junit-platform-engine-1.8.2.jar;C:\Users\miabs\.m2\repository\org\mockito\mockito-core\4.5.1\mockito-core-4.5.1.jar;C:\Users\miabs\.m2\repository\net\bytebuddy\byte-buddy\1.12.18\byte-buddy-1.12.18.jar;C:\Users\miabs\.m2\repository\net\bytebuddy\byte-buddy-agent\1.12.18\byte-buddy-agent-1.12.18.jar;C:\Users\miabs\.m2\repository\org\objenesis\objenesis\3.2\objenesis-3.2.jar;C:\Users\miabs\.m2\repository\org\mockito\mockito-junit-jupiter\4.5.1\mockito-junit-jupiter-4.5.1.jar;C:\Users\miabs\.m2\repository\org\skyscreamer\jsonassert\1.5.1\jsonassert-1.5.1.jar;C:\Users\miabs\.m2\repository\com\vaadin\external\google\android-json\0.0.20131108.vaadin1\android-json-0.0.20131108.vaadin1.jar;C:\Users\miabs\.m2\repository\org\springframework\spring-core\5.3.23\spring-core-5.3.23.jar;C:\Users\miabs\.m2\repository\org\springframework\spring-jcl\5.3.23\spring-jcl-5.3.23.jar;C:\Users\miabs\.m2\repository\org\springframework\spring-test\5.3.23\spring-test-5.3.23.jar;C:\Users\miabs\.m2\repository\org\xmlunit\xmlunit-core\2.9.0\xmlunit-core-2.9.0.jar;C:\Users\miabs\.m2\repository\io\springfox\springfox-boot-starter\3.0.0\springfox-boot-starter-3.0.0.jar;C:\Users\miabs\.m2\repository\io\springfox\springfox-oas\3.0.0\springfox-oas-3.0.0.jar;C:\Users\miabs\.m2\repository\io\swagger\core\v3\swagger-annotations\2.1.2\swagger-annotations-2.1.2.jar;C:\Users\miabs\.m2\repository\io\swagger\core\v3\swagger-models\2.1.2\swagger-models-2.1.2.jar;C:\Users\miabs\.m2\repository\io\springfox\springfox-spi\3.0.0\springfox-spi-3.0.0.jar;C:\Users\miabs\.m2\repository\io\springfox\springfox-schema\3.0.0\springfox-schema-3.0.0.jar;C:\Users\miabs\.m2\repository\io\springfox\springfox-core\3.0.0\springfox-core-3.0.0.jar;C:\Users\miabs\.m2\repository\io\springfox\springfox-spring-web\3.0.0\springfox-spring-web-3.0.0.jar;C:\Users\miabs\.m2\repository\io\springfox\springfox-spring-webmvc\3.0.0\springfox-spring-webmvc-3.0.0.jar;C:\Users\miabs\.m2\repository\io\springfox\springfox-spring-webflux\3.0.0\springfox-spring-webflux-3.0.0.jar;C:\Users\miabs\.m2\repository\io\springfox\springfox-swagger-common\3.0.0\springfox-swagger-common-3.0.0.jar;C:\Users\miabs\.m2\repository\org\mapstruct\mapstruct\1.3.1.Final\mapstruct-1.3.1.Final.jar;C:\Users\miabs\.m2\repository\io\springfox\springfox-data-rest\3.0.0\springfox-data-rest-3.0.0.jar;C:\Users\miabs\.m2\repository\io\springfox\springfox-bean-validators\3.0.0\springfox-bean-validators-3.0.0.jar;C:\Users\miabs\.m2\repository\io\springfox\springfox-swagger2\3.0.0\springfox-swagger2-3.0.0.jar;C:\Users\miabs\.m2\repository\io\swagger\swagger-annotations\1.5.20\swagger-annotations-1.5.20.jar;C:\Users\miabs\.m2\repository\io\swagger\swagger-models\1.5.20\swagger-models-1.5.20.jar;C:\Users\miabs\.m2\repository\io\springfox\springfox-swagger-ui\3.0.0\springfox-swagger-ui-3.0.0.jar;C:\Users\miabs\.m2\repository\com\fasterxml\classmate\1.5.1\classmate-1.5.1.jar;C:\Users\miabs\.m2\repository\org\slf4j\slf4j-api\1.7.36\slf4j-api-1.7.36.jar;C:\Users\miabs\.m2\repository\org\springframework\plugin\spring-plugin-core\2.0.0.RELEASE\spring-plugin-core-2.0.0.RELEASE.jar;C:\Users\miabs\.m2\repository\org\springframework\plugin\spring-plugin-metadata\2.0.0.RELEASE\spring-plugin-metadata-2.0.0.RELEASE.jar;C:\Users\miabs\.m2\repository\org\springframework\boot\spring-boot-starter-oauth2-resource-server\2.7.5\spring-boot-starter-oauth2-resource-server-2.7.5.jar;C:\Users\miabs\.m2\repository\org\springframework\security\spring-security-config\5.7.4\spring-security-config-5.7.4.jar;C:\Users\miabs\.m2\repository\org\springframework\security\spring-security-core\5.7.4\spring-security-core-5.7.4.jar;C:\Users\miabs\.m2\repository\org\springframework\security\spring-security-crypto\5.7.4\spring-security-crypto-5.7.4.jar;C:\Users\miabs\.m2\repository\org\springframework\security\spring-security-oauth2-resource-server\5.7.4\spring-security-oauth2-resource-server-5.7.4.jar;C:\Users\miabs\.m2\repository\org\springframework\security\spring-security-oauth2-core\5.7.4\spring-security-oauth2-core-5.7.4.jar;C:\Users\miabs\.m2\repository\org\springframework\security\spring-security-web\5.7.4\spring-security-web-5.7.4.jar;C:\Users\miabs\.m2\repository\org\springframework\security\spring-security-oauth2-jose\5.7.4\spring-security-oauth2-jose-5.7.4.jar;C:\Users\miabs\.m2\repository\com\nimbusds\nimbus-jose-jwt\9.22\nimbus-jose-jwt-9.22.jar;C:\Users\miabs\.m2\repository\com\github\stephenc\jcip\jcip-annotations\1.0-1\jcip-annotations-1.0-1.jar;C:\Users\miabs\.m2\repository\org\springframework\boot\spring-boot-configuration-processor\2.7.5\spring-boot-configuration-processor-2.7.5.jar;C:\Users\miabs\.m2\repository\org\projectlombok\lombok\1.18.20\lombok-1.18.20.jar;C:\Users\miabs\.m2\repository\org\springframework\boot\spring-boot-starter-jdbc\2.7.5\spring-boot-starter-jdbc-2.7.5.jar;C:\Users\miabs\.m2\repository\com\zaxxer\HikariCP\4.0.3\HikariCP-4.0.3.jar;C:\Users\miabs\.m2\repository\org\springframework\spring-jdbc\5.3.23\spring-jdbc-5.3.23.jar;C:\Users\miabs\.m2\repository\org\springframework\spring-tx\5.3.23\spring-tx-5.3.23.jar;C:\Users\miabs\.m2\repository\org\postgresql\postgresql\42.3.7\postgresql-42.3.7.jar;C:\Users\miabs\.m2\repository\org\checkerframework\checker-qual\3.5.0\checker-qual-3.5.0.jar;C:\Users\miabs\.m2\repository\com\speedment\enterprise\plugins\spring-runtime\3.2.10\spring-runtime-3.2.10.jar;C:\Users\miabs\.m2\repository\com\speedment\common\json\3.2.10\json-3.2.10.jar;C:\Users\miabs\.m2\repository\com\speedment\enterprise\plugins\json-stream\3.2.10\json-stream-3.2.10.jar;C:\Users\miabs\.m2\repository\com\speedment\runtime\runtime-config\3.2.10\runtime-config-3.2.10.jar;C:\Users\miabs\.m2\repository\com\speedment\runtime\runtime-field\3.2.10\runtime-field-3.2.10.jar;C:\Users\miabs\.m2\repository\com\speedment\common\annotation\3.2.10\annotation-3.2.10.jar;C:\Users\miabs\.m2\repository\com\speedment\common\function\3.2.10\function-3.2.10.jar;C:\Users\miabs\.m2\repository\com\speedment\common\collection\3.2.10\collection-3.2.10.jar;C:\Users\miabs\.m2\repository\com\speedment\enterprise\application\3.2.10\application-3.2.10.jar;C:\Users\miabs\.m2\repository\com\speedment\common\injector\3.2.10\injector-3.2.10.jar;C:\Users\miabs\.m2\repository\com\speedment\common\logger\3.2.10\logger-3.2.10.jar;C:\Users\miabs\.m2\repository\com\speedment\enterprise\datastore-runtime\3.2.10\datastore-runtime-3.2.10.jar;C:\Users\miabs\.m2\repository\com\speedment\common\invariant\3.2.10\invariant-3.2.10.jar;C:\Users\miabs\.m2\repository\com\speedment\common\tuple\3.2.10\tuple-3.2.10.jar;C:\Users\miabs\.m2\repository\com\speedment\common\singleton-stream\3.2.10\singleton-stream-3.2.10.jar;C:\Users\miabs\.m2\repository\com\speedment\common\benchmark\3.2.10\benchmark-3.2.10.jar;C:\Users\miabs\.m2\repository\com\speedment\common\combinatorics\3.2.10\combinatorics-3.2.10.jar;C:\Users\miabs\.m2\repository\com\speedment\common\mapstream\3.2.10\mapstream-3.2.10.jar;C:\Users\miabs\.m2\repository\com\speedment\runtime\runtime-compute\3.2.10\runtime-compute-3.2.10.jar;C:\Users\miabs\.m2\repository\com\speedment\runtime\runtime-typemapper\3.2.10\runtime-typemapper-3.2.10.jar;C:\Users\miabs\.m2\repository\com\speedment\runtime\runtime-core\3.2.10\runtime-core-3.2.10.jar;C:\Users\miabs\.m2\repository\com\speedment\runtime\runtime-bulk\3.2.10\runtime-bulk-3.2.10.jar;C:\Users\miabs\.m2\repository\com\speedment\runtime\runtime-welcome\3.2.10\runtime-welcome-3.2.10.jar;C:\Users\miabs\.m2\repository\com\speedment\runtime\runtime-application\3.2.10\runtime-application-3.2.10.jar;C:\Users\miabs\.m2\repository\com\speedment\runtime\connector-mysql\3.2.10\connector-mysql-3.2.10.jar;C:\Users\miabs\.m2\repository\com\speedment\runtime\connector-mariadb\3.2.10\connector-mariadb-3.2.10.jar;C:\Users\miabs\.m2\repository\com\speedment\runtime\connector-postgres\3.2.10\connector-postgres-3.2.10.jar;C:\Users\miabs\.m2\repository\com\speedment\runtime\connector-sqlite\3.2.10\connector-sqlite-3.2.10.jar;C:\Users\miabs\.m2\repository\com\speedment\generator\generator-translator\3.2.10\generator-translator-3.2.10.jar;C:\Users\miabs\.m2\repository\com\speedment\common\codegen\3.2.10\codegen-3.2.10.jar;C:\Users\miabs\.m2\repository\com\speedment\enterprise\common\stream-support\3.2.10\stream-support-3.2.10.jar;C:\Users\miabs\.m2\repository\com\speedment\enterprise\common\bytebuffer-allocator\3.2.10\bytebuffer-allocator-3.2.10.jar;C:\Users\miabs\.m2\repository\com\speedment\common\jvm-version\3.2.10\jvm-version-3.2.10.jar;C:\Users\miabs\.m2\repository\com\speedment\enterprise\common\bytebuffer-common\3.2.10\bytebuffer-common-3.2.10.jar;C:\Users\miabs\.m2\repository\com\speedment\enterprise\common\immutable-array\3.2.10\immutable-array-3.2.10.jar;C:\Users\miabs\.m2\repository\com\speedment\enterprise\common\hashmap\3.2.10\hashmap-3.2.10.jar;C:\Users\miabs\.m2\repository\com\speedment\enterprise\aggregator\3.2.10\aggregator-3.2.10.jar;C:\Users\miabs\.m2\repository\com\speedment\enterprise\common\bytebuffer-pool\3.2.10\bytebuffer-pool-3.2.10.jar;C:\Users\miabs\.m2\repository\com\speedment\enterprise\license-runtime\3.2.10\license-runtime-3.2.10.jar;C:\Users\miabs\.m2\repository\com\speedment\enterprise\style-runtime\3.2.10\style-runtime-3.2.10.jar;C:\Users\miabs\.m2\repository\com\speedment\enterprise\virtualcolumn-runtime\3.2.10\virtualcolumn-runtime-3.2.10.jar;C:\Users\miabs\.m2\repository\com\speedment\enterprise\join\3.2.10\join-3.2.10.jar;C:\Users\miabs\.m2\repository\com\speedment\runtime\runtime-join\3.2.10\runtime-join-3.2.10.jar;C:\Users\miabs\.m2\repository\ch\qos\logback\logback-core\1.2.6\logback-core-1.2.6.jar;C:\Users\miabs\.m2\repository\ch\qos\logback\logback-classic\1.2.6\logback-classic-1.2.6.jar;C:\Users\miabs\.m2\repository\net\logstash\logback\logstash-logback-encoder\7.2\logstash-logback-encoder-7.2.jar;C:\Users\miabs\.m2\repository\com\fasterxml\jackson\core\jackson-databind\2.13.4.2\jackson-databind-2.13.4.2.jar;C:\Users\miabs\.m2\repository\com\fasterxml\jackson\core\jackson-annotations\2.13.4\jackson-annotations-2.13.4.jar;"/>
    <property name="sun.cpu.endian" value="little"/>
    <property name="user.home" value="C:\Users\miabs"/>
    <property name="user.language" value="pt"/>
    <property name="java.specification.vendor" value="Oracle Corporation"/>
    <property name="java.version.date" value="2022-10-18"/>
    <property name="java.home" value="C:\Program Files\Java\jdk-17.0.5"/>
    <property name="file.separator" value="\"/>
    <property name="basedir" value="C:\MEI\semestre1\AppReservas\appreservas"/>
    <property name="java.vm.compressedOopsMode" value="Zero based"/>
    <property name="line.separator" value="&#10;"/>
    <property name="java.vm.specification.vendor" value="Oracle Corporation"/>
    <property name="java.specification.name" value="Java Platform API Specification"/>
    <property name="surefire.real.class.path" value="C:\Users\miabs\AppData\Local\Temp\surefire4684224973223418487\surefirebooter3503979231256898348.jar"/>
    <property name="user.script" value=""/>
    <property name="sun.management.compiler" value="HotSpot 64-Bit Tiered Compilers"/>
    <property name="java.runtime.version" value="17.0.5+9-LTS-191"/>
    <property name="user.name" value="miabs"/>
    <property name="path.separator" value=";"/>
    <property name="os.version" value="10.0"/>
    <property name="java.runtime.name" value="Java(TM) SE Runtime Environment"/>
    <property name="file.encoding" value="Cp1252"/>
    <property name="java.vm.name" value="Java HotSpot(TM) 64-Bit Server VM"/>
    <property name="localRepository" value="C:\Users\miabs\.m2\repository"/>
    <property name="java.vendor.url.bug" value="https://bugreport.java.com/bugreport/"/>
    <property name="java.io.tmpdir" value="C:\Users\miabs\AppData\Local\Temp\"/>
    <property name="java.version" value="17.0.5"/>
    <property name="user.dir" value="C:\MEI\semestre1\AppReservas\appreservas"/>
    <property name="os.arch" value="amd64"/>
    <property name="java.vm.specification.name" value="Java Virtual Machine Specification"/>
    <property name="sun.os.patch.level" value=""/>
    <property name="native.encoding" value="Cp1252"/>
    <property name="java.library.path" value="C:\Program Files\Java\jdk-17.0.5\bin;C:\Windows\Sun\Java\bin;C:\Windows\system32;C:\Windows;C:\Program Files\Common Files\Oracle\Java\javapath;C:\Windows\system32;C:\Windows;C:\Windows\System32\Wbem;C:\Windows\System32\WindowsPowerShell\v1.0\;C:\Windows\System32\OpenSSH\;C:\Program Files (x86)\NVIDIA Corporation\PhysX\Common;C:\Program Files\NVIDIA Corporation\NVIDIA NvDLISR;C:\Program Files\Git\cmd;C:\Program Files\Docker\Docker\resources\bin;C:\Program Files\apache-maven-3.8.6\bin;C:\Program Files\nodejs\;C:\Program Files\OpenSSL-Win64\bin;C:\Users\miabs\AppData\Local\Microsoft\WindowsApps;;C:\Users\miabs\AppData\Local\Programs\Microsoft VS Code\bin;C:\Program Files\JetBrains\IntelliJ IDEA 2022.2.3\bin;;C:\Users\miabs\AppData\Roaming\npm;C:\Program Files\JetBrains\WebStorm 2022.3\bin;;."/>
    <property name="java.vm.info" value="mixed mode, sharing"/>
    <property name="java.vendor" value="Oracle Corporation"/>
    <property name="java.vm.version" value="17.0.5+9-LTS-191"/>
    <property name="sun.io.unicode.encoding" value="UnicodeLittle"/>
    <property name="java.class.version" value="61.0"/>
  </properties>
  <testcase name="contextLoads" classname="com.appreservas.AppreservasApplicationTests" time="1.051"/>
</testsuite>